Annihilation: Array
(
    [combatParams] => Array
        (
            [0] => File not found
        )

    [effectParams] => Array
        (
            [0] => File not found
        )

)

Apprentice's Strike: Array
(
    [combatParams] => Array
        (
            [0] => File not found
        )

    [effectParams] => Array
        (
            [0] => File not found
        )

)

Berserk: Array
(
    [combatParams] => Array
        (
            [0] => File not found
        )

    [effectParams] => Array
        (
            [0] => File not found
        )

)

Blood Rage: Array
(
    [combatParams] => Array
        (
            [0] => File not found
        )

    [effectParams] => Array
        (
            [0] => File not found
        )

)

Brutal Strike: Array
(
    [combatParams] => Array
        (
            [0] => File not found
        )

    [effectParams] => Array
        (
            [0] => File not found
        )

)

Cancel Invisibility: Array
(
    [combatParams] => Array
        (
            [0] => File not found
        )

    [effectParams] => Array
        (
            [0] => File not found
        )

)

Challenge: Array
(
    [combatParams] => Array
        (
            [0] => File not found
        )

    [effectParams] => Array
        (
            [0] => File not found
        )

)

Charge: Array
(
    [combatParams] => Array
        (
            [0] => File not found
        )

    [effectParams] => Array
        (
            [0] => File not found
        )

)

Cure Bleeding: Array
(
    [combatParams] => Array
        (
            [0] => File not found
        )

    [effectParams] => Array
        (
            [0] => File not found
        )

)

Cure Burning: Array
(
    [combatParams] => Array
        (
            [0] => File not found
        )

    [effectParams] => Array
        (
            [0] => File not found
        )

)

Cure Curse: Array
(
    [combatParams] => Array
        (
            [0] => File not found
        )

    [effectParams] => Array
        (
            [0] => File not found
        )

)

Cure Electrification: Array
(
    [combatParams] => Array
        (
            [0] => File not found
        )

    [effectParams] => Array
        (
            [0] => File not found
        )

)

Cure Poison: Array
(
    [combatParams] => Array
        (
            [0] => File not found
        )

    [effectParams] => Array
        (
            [0] => File not found
        )

)

Curse: Array
(
    [combatParams] => Array
        (
            [0] => File not found
        )

    [effectParams] => Array
        (
            [0] => File not found
        )

)

Death Strike: Array
(
    [combatParams] => Array
        (
            [0] => File not found
        )

    [effectParams] => Array
        (
            [0] => File not found
        )

)

Divine Caldera: Array
(
    [combatParams] => Array
        (
            [0] => File not found
        )

    [effectParams] => Array
        (
            [0] => File not found
        )

)

Divine Healing: Array
(
    [combatParams] => Array
        (
            [0] => File not found
        )

    [effectParams] => Array
        (
            [0] => File not found
        )

)

Divine Missile: Array
(
    [combatParams] => Array
        (
            [0] => File not found
        )

    [effectParams] => Array
        (
            [0] => File not found
        )

)

Electrify: Array
(
    [combatParams] => Array
        (
            [0] => File not found
        )

    [effectParams] => Array
        (
            [0] => File not found
        )

)

Enchant Party: Array
(
    [combatParams] => Array
        (
            [0] => File not found
        )

    [effectParams] => Array
        (
            [0] => File not found
        )

)

Energy Beam: Array
(
    [combatParams] => Array
        (
            [0] => File not found
        )

    [effectParams] => Array
        (
            [0] => File not found
        )

)

Energy Strike: Array
(
    [combatParams] => Array
        (
            [0] => File not found
        )

    [effectParams] => Array
        (
            [0] => File not found
        )

)

Energy Wave: Array
(
    [combatParams] => Array
        (
            [0] => File not found
        )

    [effectParams] => Array
        (
            [0] => File not found
        )

)

Envenom: Array
(
    [combatParams] => Array
        (
            [0] => File not found
        )

    [effectParams] => Array
        (
            [0] => File not found
        )

)

Eternal Winter: Array
(
    [combatParams] => Array
        (
            [0] => File not found
        )

    [effectParams] => Array
        (
            [0] => File not found
        )

)

Ethereal Spear: Array
(
    [combatParams] => Array
        (
            [0] => File not found
        )

    [effectParams] => Array
        (
            [0] => File not found
        )

)

Fierce Berserk: Array
(
    [combatParams] => Array
        (
            [0] => File not found
        )

    [effectParams] => Array
        (
            [0] => File not found
        )

)

Fire Wave: Array
(
    [combatParams] => Array
        (
            [0] => File not found
        )

    [effectParams] => Array
        (
            [0] => File not found
        )

)

Flame Strike: Array
(
    [combatParams] => Array
        (
            [0] => File not found
        )

    [effectParams] => Array
        (
            [0] => File not found
        )

)

Food: Array
(
    [combatParams] => Array
        (
            [0] => File not found
        )

    [effectParams] => Array
        (
            [0] => File not found
        )

)

Front Sweep: Array
(
    [combatParams] => Array
        (
            [0] => File not found
        )

    [effectParams] => Array
        (
            [0] => File not found
        )

)

Great Energy Beam: Array
(
    [combatParams] => Array
        (
            [0] => File not found
        )

    [effectParams] => Array
        (
            [0] => File not found
        )

)

Great Light: Array
(
    [combatParams] => Array
        (
            [0] => File not found
        )

    [effectParams] => Array
        (
            [0] => File not found
        )

)

Groundshaker: Array
(
    [combatParams] => Array
        (
            [0] => File not found
        )

    [effectParams] => Array
        (
            [0] => File not found
        )

)

Haste: Array
(
    [combatParams] => Array
        (
            [0] => File not found
        )

    [effectParams] => Array
        (
            [0] => File not found
        )

)

Heal Friend: Array
(
    [combatParams] => Array
        (
            [0] => File not found
        )

    [effectParams] => Array
        (
            [0] => File not found
        )

)

Heal Party: Array
(
    [combatParams] => Array
        (
            [0] => File not found
        )

    [effectParams] => Array
        (
            [0] => File not found
        )

)

Hell's Core: Array
(
    [combatParams] => Array
        (
            [0] => File not found
        )

    [effectParams] => Array
        (
            [0] => File not found
        )

)

Holy Flash: Array
(
    [combatParams] => Array
        (
            [0] => File not found
        )

    [effectParams] => Array
        (
            [0] => File not found
        )

)

Ice Strike: Array
(
    [combatParams] => Array
        (
            [0] => File not found
        )

    [effectParams] => Array
        (
            [0] => File not found
        )

)

Ice Wave: Array
(
    [combatParams] => Array
        (
            [0] => File not found
        )

    [effectParams] => Array
        (
            [0] => File not found
        )

)

Ignite: Array
(
    [combatParams] => Array
        (
            [0] => File not found
        )

    [effectParams] => Array
        (
            [0] => File not found
        )

)

Inflict Wound: Array
(
    [combatParams] => Array
        (
            [0] => File not found
        )

    [effectParams] => Array
        (
            [0] => File not found
        )

)

Intense Healing: Array
(
    [combatParams] => Array
        (
            [0] => File not found
        )

    [effectParams] => Array
        (
            [0] => File not found
        )

)

Intense Recovery: Array
(
    [combatParams] => Array
        (
            [0] => File not found
        )

    [effectParams] => Array
        (
            [0] => File not found
        )

)

Intense Wound Cleansing: Array
(
    [combatParams] => Array
        (
            [0] => File not found
        )

    [effectParams] => Array
        (
            [0] => File not found
        )

)

Invisibility: Array
(
    [combatParams] => Array
        (
            [0] => File not found
        )

    [effectParams] => Array
        (
            [0] => File not found
        )

)

Light: Array
(
    [combatParams] => Array
        (
            [0] => File not found
        )

    [effectParams] => Array
        (
            [0] => File not found
        )

)

Light Healing: Array
(
    [combatParams] => Array
        (
            [0] => File not found
        )

    [effectParams] => Array
        (
            [0] => File not found
        )

)

Lightning: Array
(
    [combatParams] => Array
        (
            [0] => File not found
        )

    [effectParams] => Array
        (
            [0] => File not found
        )

)

Magic Rope: Array
(
    [combatParams] => Array
        (
            [0] => File not found
        )

    [effectParams] => Array
        (
            [0] => File not found
        )

)

Magic Shield: Array
(
    [combatParams] => Array
        (
            [0] => File not found
        )

    [effectParams] => Array
        (
            [0] => File not found
        )

)

Mass Healing: Array
(
    [combatParams] => Array
        (
            [0] => File not found
        )

    [effectParams] => Array
        (
            [0] => File not found
        )

)

Physical Strike: Array
(
    [combatParams] => Array
        (
            [0] => File not found
        )

    [effectParams] => Array
        (
            [0] => File not found
        )

)

Practise Fire Wave: Array
(
    [combatParams] => Array
        (
            [0] => File not found
        )

    [effectParams] => Array
        (
            [0] => File not found
        )

)

Practise Healing: Array
(
    [combatParams] => Array
        (
            [0] => File not found
        )

    [effectParams] => Array
        (
            [0] => File not found
        )

)

Protect Party: Array
(
    [combatParams] => Array
        (
            [0] => File not found
        )

    [effectParams] => Array
        (
            [0] => File not found
        )

)

Protector: Array
(
    [combatParams] => Array
        (
            [0] => File not found
        )

    [effectParams] => Array
        (
            [0] => File not found
        )

)

Rage of the Skies: Array
(
    [combatParams] => Array
        (
            [0] => File not found
        )

    [effectParams] => Array
        (
            [0] => File not found
        )

)

Recovery: Array
(
    [combatParams] => Array
        (
            [0] => File not found
        )

    [effectParams] => Array
        (
            [0] => File not found
        )

)

Salvation: Array
(
    [combatParams] => Array
        (
            [0] => File not found
        )

    [effectParams] => Array
        (
            [0] => File not found
        )

)

Sharpshooter: Array
(
    [combatParams] => Array
        (
            [0] => File not found
        )

    [effectParams] => Array
        (
            [0] => File not found
        )

)

Strong Energy Strike: Array
(
    [combatParams] => Array
        (
            [0] => File not found
        )

    [effectParams] => Array
        (
            [0] => File not found
        )

)

Strong Ethereal Spear: Array
(
    [combatParams] => Array
        (
            [0] => File not found
        )

    [effectParams] => Array
        (
            [0] => File not found
        )

)

Strong Flame Strike: Array
(
    [combatParams] => Array
        (
            [0] => File not found
        )

    [effectParams] => Array
        (
            [0] => File not found
        )

)

Strong Haste: Array
(
    [combatParams] => Array
        (
            [0] => File not found
        )

    [effectParams] => Array
        (
            [0] => File not found
        )

)

Strong Ice Strike: Array
(
    [combatParams] => Array
        (
            [0] => File not found
        )

    [effectParams] => Array
        (
            [0] => File not found
        )

)

Strong Ice Wave: Array
(
    [combatParams] => Array
        (
            [0] => File not found
        )

    [effectParams] => Array
        (
            [0] => File not found
        )

)

Strong Terra Strike: Array
(
    [combatParams] => Array
        (
            [0] => File not found
        )

    [effectParams] => Array
        (
            [0] => File not found
        )

)

Swift Foot: Array
(
    [combatParams] => Array
        (
            [0] => File not found
        )

    [effectParams] => Array
        (
            [0] => File not found
        )

)

Terra Strike: Array
(
    [combatParams] => Array
        (
            [0] => File not found
        )

    [effectParams] => Array
        (
            [0] => File not found
        )

)

Terra Wave: Array
(
    [combatParams] => Array
        (
            [0] => File not found
        )

    [effectParams] => Array
        (
            [0] => File not found
        )

)

Train Party: Array
(
    [combatParams] => Array
        (
            [0] => File not found
        )

    [effectParams] => Array
        (
            [0] => File not found
        )

)

Ultimate Energy Strike: Array
(
    [combatParams] => Array
        (
            [0] => File not found
        )

    [effectParams] => Array
        (
            [0] => File not found
        )

)

Ultimate Flame Strike: Array
(
    [combatParams] => Array
        (
            [0] => File not found
        )

    [effectParams] => Array
        (
            [0] => File not found
        )

)

Ultimate Healing: Array
(
    [combatParams] => Array
        (
            [0] => File not found
        )

    [effectParams] => Array
        (
            [0] => File not found
        )

)

Ultimate Ice Strike: Array
(
    [combatParams] => Array
        (
            [0] => File not found
        )

    [effectParams] => Array
        (
            [0] => File not found
        )

)

Ultimate Light: Array
(
    [combatParams] => Array
        (
            [0] => File not found
        )

    [effectParams] => Array
        (
            [0] => File not found
        )

)

Ultimate Terra Strike: Array
(
    [combatParams] => Array
        (
            [0] => File not found
        )

    [effectParams] => Array
        (
            [0] => File not found
        )

)

Wound Cleansing: Array
(
    [combatParams] => Array
        (
            [0] => File not found
        )

    [effectParams] => Array
        (
            [0] => File not found
        )

)

Whirlwind Throw: Array
(
    [combatParams] => Array
        (
            [0] => File not found
        )

    [effectParams] => Array
        (
            [0] => File not found
        )

)

Wrath of Nature: Array
(
    [combatParams] => Array
        (
            [0] => File not found
        )

    [effectParams] => Array
        (
            [0] => File not found
        )

)

Poison Field: Array
(
    [combatParams] => Array
        (
            [0] => File not found
        )

    [effectParams] => Array
        (
            [0] => File not found
        )

)

Poison Bomb: Array
(
    [combatParams] => Array
        (
            [0] => File not found
        )

    [effectParams] => Array
        (
            [0] => File not found
        )

)

Poison Wall: Array
(
    [combatParams] => Array
        (
            [0] => File not found
        )

    [effectParams] => Array
        (
            [0] => File not found
        )

)

Fire Field: Array
(
    [combatParams] => Array
        (
            [0] => File not found
        )

    [effectParams] => Array
        (
            [0] => File not found
        )

)

Firebomb: Array
(
    [combatParams] => Array
        (
            [0] => File not found
        )

    [effectParams] => Array
        (
            [0] => File not found
        )

)

Fire Wall: Array
(
    [combatParams] => Array
        (
            [0] => File not found
        )

    [effectParams] => Array
        (
            [0] => File not found
        )

)

Soulfire: Array
(
    [combatParams] => Array
        (
            [0] => File not found
        )

    [effectParams] => Array
        (
            [0] => File not found
        )

)

Fireball: Array
(
    [combatParams] => Array
        (
            [0] => File not found
        )

    [effectParams] => Array
        (
            [0] => File not found
        )

)

Great Fireball: Array
(
    [combatParams] => Array
        (
            [0] => File not found
        )

    [effectParams] => Array
        (
            [0] => File not found
        )

)

Energy Field: Array
(
    [combatParams] => Array
        (
            [0] => File not found
        )

    [effectParams] => Array
        (
            [0] => File not found
        )

)

Energybomb: Array
(
    [combatParams] => Array
        (
            [0] => File not found
        )

    [effectParams] => Array
        (
            [0] => File not found
        )

)

Energy Wall: Array
(
    [combatParams] => Array
        (
            [0] => File not found
        )

    [effectParams] => Array
        (
            [0] => File not found
        )

)

Light Magic Missile: Array
(
    [combatParams] => Array
        (
            [0] => File not found
        )

    [effectParams] => Array
        (
            [0] => File not found
        )

)

Heavy Magic Missile: Array
(
    [combatParams] => Array
        (
            [0] => File not found
        )

    [effectParams] => Array
        (
            [0] => File not found
        )

)

Explosion: Array
(
    [combatParams] => Array
        (
            [0] => File not found
        )

    [effectParams] => Array
        (
            [0] => File not found
        )

)

Sudden Death: Array
(
    [combatParams] => Array
        (
            [0] => File not found
        )

    [effectParams] => Array
        (
            [0] => File not found
        )

)

Icicle: Array
(
    [combatParams] => Array
        (
            [0] => File not found
        )

    [effectParams] => Array
        (
            [0] => File not found
        )

)

Avalanche: Array
(
    [combatParams] => Array
        (
            [0] => File not found
        )

    [effectParams] => Array
        (
            [0] => File not found
        )

)

Stone Shower: Array
(
    [combatParams] => Array
        (
            [0] => File not found
        )

    [effectParams] => Array
        (
            [0] => File not found
        )

)

Thunderstorm: Array
(
    [combatParams] => Array
        (
            [0] => File not found
        )

    [effectParams] => Array
        (
            [0] => File not found
        )

)

Stalagmite: Array
(
    [combatParams] => Array
        (
            [0] => File not found
        )

    [effectParams] => Array
        (
            [0] => File not found
        )

)

Holy Missile: Array
(
    [combatParams] => Array
        (
            [0] => File not found
        )

    [effectParams] => Array
        (
            [0] => File not found
        )

)

Magic Wall: Array
(
    [combatParams] => Array
        (
            [0] => File not found
        )

    [effectParams] => Array
        (
            [0] => File not found
        )

)

Antidote Rune: Array
(
    [combatParams] => Array
        (
            [0] => File not found
        )

    [effectParams] => Array
        (
            [0] => File not found
        )

)

Intense Healing Rune: Array
(
    [combatParams] => Array
        (
            [0] => File not found
        )

    [effectParams] => Array
        (
            [0] => File not found
        )

)

Ultimate Healing Rune: Array
(
    [combatParams] => Array
        (
            [0] => File not found
        )

    [effectParams] => Array
        (
            [0] => File not found
        )

)

Animate Dead: Array
(
    [combatParams] => Array
        (
            [0] => File not found
        )

    [effectParams] => Array
        (
            [0] => File not found
        )

)

Desintegrate: Array
(
    [combatParams] => Array
        (
            [0] => File not found
        )

    [effectParams] => Array
        (
            [0] => File not found
        )

)

Destroy Field: Array
(
    [combatParams] => Array
        (
            [0] => File not found
        )

    [effectParams] => Array
        (
            [0] => File not found
        )

)

Wild Growth: Array
(
    [combatParams] => Array
        (
            [0] => File not found
        )

    [effectParams] => Array
        (
            [0] => File not found
        )

)

Paralyze: Array
(
    [combatParams] => Array
        (
            [0] => File not found
        )

    [effectParams] => Array
        (
            [0] => File not found
        )

)

